<?xml version="1.0" encoding="UTF-8"?>
<testng-results skipped="0" failed="0" total="1" passed="1">
  <reporter-output>
  </reporter-output>
  <suite name="Default suite" duration-ms="18916" started-at="2018-10-11T01:20:33Z" finished-at="2018-10-11T01:20:52Z">
    <groups>
    </groups>
    <test name="Default test" duration-ms="18916" started-at="2018-10-11T01:20:33Z" finished-at="2018-10-11T01:20:52Z">
      <class name="com.teksys.executer.Test1">
        <test-method status="PASS" signature="BackUpExecutionFolder()[pri:0, instance:com.teksys.executer.Test1@799fb45e]" name="BackUpExecutionFolder" is-config="true" duration-ms="43" started-at="2018-10-10T21:20:33Z" finished-at="2018-10-10T21:20:33Z">
          <reporter-output>
          </reporter-output>
        </test-method> <!-- BackUpExecutionFolder -->
        <test-method status="PASS" signature="LandingPg(java.lang.reflect.Method)[pri:0, instance:com.teksys.executer.Test1@799fb45e]" name="LandingPg" duration-ms="18582" started-at="2018-10-10T21:20:33Z" finished-at="2018-10-10T21:20:51Z">
          <params>
            <param index="0">
              <value>
                <![CDATA[public void com.teksys.executer.Test1.LandingPg(java.lang.reflect.Method) throws java.lang.InterruptedException,java.io.IOException]]>
              </value>
            </param>
          </params>
          <reporter-output>
          </reporter-output>
        </test-method> <!-- LandingPg -->
      </class> <!-- com.teksys.executer.Test1 -->
    </test> <!-- Default test -->
  </suite> <!-- Default suite -->
</testng-results>
